<?xml version="1.0" encoding="UTF-8"?>
<robot generator="Robot 6.0 (Python 3.11.9 on win32)" generated="20240513 22:05:00.836" rpa="false" schemaversion="3">
<suite id="s1" name="Swaglab" source="C:\Users\Supawan.Po\Desktop\Robot_learning\robot-swag-labs\test_suite\swaglab.robot">
<test id="s1-t1" name="E2E_Buy_product_success" line="6">
<kw name="Log" library="BuiltIn">
<arg>Helloworld</arg>
<doc>Logs the given message with the given level.</doc>
<msg timestamp="20240513 22:05:01.174" level="INFO">Helloworld</msg>
<status status="PASS" starttime="20240513 22:05:01.174" endtime="20240513 22:05:01.174"/>
</kw>
<kw name="Login">
<kw name="Open Browser" library="SeleniumLibrary">
<arg>https://www.saucedemo.com/</arg>
<arg>browser=chrome</arg>
<arg>options=binary_location=r"C:\\Chrome\\chrome-win64\\chrome.exe"</arg>
<arg>executable_path=C:\\Chrome\\chromedriver-win64\\chromedriver-win64\\chromedriver.exe</arg>
<doc>Opens a new browser instance to the optional ``url``.</doc>
<msg timestamp="20240513 22:05:01.175" level="INFO">Opening browser 'chrome' to base url 'https://www.saucedemo.com/'.</msg>
<status status="PASS" starttime="20240513 22:05:01.175" endtime="20240513 22:05:04.559"/>
</kw>
<kw name="Maximize Browser Window" library="SeleniumLibrary">
<doc>Maximizes current browser window.</doc>
<status status="PASS" starttime="20240513 22:05:04.560" endtime="20240513 22:05:04.595"/>
</kw>
<kw name="Input Text" library="SeleniumLibrary">
<arg>id=user-name</arg>
<arg>standard_user</arg>
<doc>Types the given ``text`` into the text field identified by ``locator``.</doc>
<msg timestamp="20240513 22:05:04.596" level="INFO">Typing text 'standard_user' into text field 'id=user-name'.</msg>
<status status="PASS" starttime="20240513 22:05:04.596" endtime="20240513 22:05:04.925"/>
</kw>
<kw name="Input Text" library="SeleniumLibrary">
<arg>id=password</arg>
<arg>secret_sauce</arg>
<doc>Types the given ``text`` into the text field identified by ``locator``.</doc>
<msg timestamp="20240513 22:05:04.927" level="INFO">Typing text 'secret_sauce' into text field 'id=password'.</msg>
<status status="PASS" starttime="20240513 22:05:04.926" endtime="20240513 22:05:05.060"/>
</kw>
<kw name="Textfield Should Contain" library="SeleniumLibrary">
<arg>id=user-name</arg>
<arg>standard_user</arg>
<doc>Verifies text field ``locator`` contains text ``expected``.</doc>
<msg timestamp="20240513 22:05:05.085" level="INFO">Text field 'id=user-name' contains text 'standard_user'.</msg>
<status status="PASS" starttime="20240513 22:05:05.060" endtime="20240513 22:05:05.086"/>
</kw>
<kw name="Page Should Contain Element" library="SeleniumLibrary">
<arg>//div[@class='login_logo'][text()='Swag Labs']</arg>
<doc>Verifies that element ``locator`` is found on the current page.</doc>
<msg timestamp="20240513 22:05:05.100" level="INFO">Current page contains element '//div[@class='login_logo'][text()='Swag Labs']'.</msg>
<status status="PASS" starttime="20240513 22:05:05.086" endtime="20240513 22:05:05.100"/>
</kw>
<kw name="Textfield Should Contain" library="SeleniumLibrary">
<arg>id=password</arg>
<arg>secret_sauce</arg>
<doc>Verifies text field ``locator`` contains text ``expected``.</doc>
<msg timestamp="20240513 22:05:05.126" level="INFO">Text field 'id=password' contains text 'secret_sauce'.</msg>
<status status="PASS" starttime="20240513 22:05:05.100" endtime="20240513 22:05:05.126"/>
</kw>
<kw name="Click Button" library="SeleniumLibrary">
<arg>id=login-button</arg>
<doc>Clicks the button identified by ``locator``.</doc>
<msg timestamp="20240513 22:05:05.127" level="INFO">Clicking button 'id=login-button'.</msg>
<status status="PASS" starttime="20240513 22:05:05.127" endtime="20240513 22:05:05.277"/>
</kw>
<kw name="Page Should Contain Element" library="SeleniumLibrary">
<arg>//div//span[@class='title'][text()='Products']</arg>
<doc>Verifies that element ``locator`` is found on the current page.</doc>
<msg timestamp="20240513 22:05:05.306" level="INFO">Current page contains element '//div//span[@class='title'][text()='Products']'.</msg>
<status status="PASS" starttime="20240513 22:05:05.277" endtime="20240513 22:05:05.306"/>
</kw>
<status status="PASS" starttime="20240513 22:05:01.175" endtime="20240513 22:05:05.306"/>
</kw>
<kw name="Filter the product">
<kw name="Click Element" library="SeleniumLibrary">
<arg>xpath=//div//select[@class='product_sort_container']</arg>
<doc>Click the element identified by ``locator``.</doc>
<msg timestamp="20240513 22:05:05.308" level="INFO">Clicking element 'xpath=//div//select[@class='product_sort_container']'.</msg>
<status status="PASS" starttime="20240513 22:05:05.307" endtime="20240513 22:05:05.452"/>
</kw>
<kw name="Select From List By Value" library="SeleniumLibrary">
<arg>xpath=//div//select[@class='product_sort_container']</arg>
<arg>hilo</arg>
<doc>Selects options from selection list ``locator`` by ``values``.</doc>
<msg timestamp="20240513 22:05:05.453" level="INFO">Selecting options from selection list 'xpath=//div//select[@class='product_sort_container']' by value hilo.</msg>
<status status="PASS" starttime="20240513 22:05:05.453" endtime="20240513 22:05:05.582"/>
</kw>
<kw name="Page Should Contain Element" library="SeleniumLibrary">
<arg>xpath=//div//select[@class='product_sort_container']</arg>
<arg>hilo</arg>
<doc>Verifies that element ``locator`` is found on the current page.</doc>
<msg timestamp="20240513 22:05:05.593" level="INFO">Current page contains element 'xpath=//div//select[@class='product_sort_container']'.</msg>
<status status="PASS" starttime="20240513 22:05:05.583" endtime="20240513 22:05:05.594"/>
</kw>
<status status="PASS" starttime="20240513 22:05:05.307" endtime="20240513 22:05:05.594"/>
</kw>
<kw name="Add the product to the cart">
<kw name="Click Element" library="SeleniumLibrary">
<arg>xpath=//div[normalize-space()='Sauce Labs Backpack']</arg>
<doc>Click the element identified by ``locator``.</doc>
<msg timestamp="20240513 22:05:05.595" level="INFO">Clicking element 'xpath=//div[normalize-space()='Sauce Labs Backpack']'.</msg>
<status status="PASS" starttime="20240513 22:05:05.594" endtime="20240513 22:05:05.712"/>
</kw>
<kw name="Page Should Contain Element" library="SeleniumLibrary">
<arg>xpath=//div[@class='inventory_details_name large_size'][text()='Sauce Labs Backpack']</arg>
<doc>Verifies that element ``locator`` is found on the current page.</doc>
<msg timestamp="20240513 22:05:05.735" level="INFO">Current page contains element 'xpath=//div[@class='inventory_details_name large_size'][text()='Sauce Labs Backpack']'.</msg>
<status status="PASS" starttime="20240513 22:05:05.713" endtime="20240513 22:05:05.735"/>
</kw>
<kw name="Page Should Contain Element" library="SeleniumLibrary">
<arg>xpath=//div[@class='inventory_details_price'][text()='29.99']</arg>
<doc>Verifies that element ``locator`` is found on the current page.</doc>
<msg timestamp="20240513 22:05:05.759" level="INFO">Current page contains element 'xpath=//div[@class='inventory_details_price'][text()='29.99']'.</msg>
<status status="PASS" starttime="20240513 22:05:05.736" endtime="20240513 22:05:05.759"/>
</kw>
<kw name="Click Element" library="SeleniumLibrary">
<arg>xpath= //button[@id='add-to-cart']</arg>
<doc>Click the element identified by ``locator``.</doc>
<msg timestamp="20240513 22:05:05.761" level="INFO">Clicking element 'xpath= //button[@id='add-to-cart']'.</msg>
<status status="PASS" starttime="20240513 22:05:05.760" endtime="20240513 22:05:05.818"/>
</kw>
<kw name="Page Should Contain Element" library="SeleniumLibrary">
<arg>xpath=//button[@id='remove'][text()='Remove']</arg>
<doc>Verifies that element ``locator`` is found on the current page.</doc>
<msg timestamp="20240513 22:05:05.832" level="INFO">Current page contains element 'xpath=//button[@id='remove'][text()='Remove']'.</msg>
<status status="PASS" starttime="20240513 22:05:05.818" endtime="20240513 22:05:05.832"/>
</kw>
<status status="PASS" starttime="20240513 22:05:05.594" endtime="20240513 22:05:05.832"/>
</kw>
<kw name="Check out the product">
<kw name="Click Element" library="SeleniumLibrary">
<arg>id=shopping_cart_container</arg>
<doc>Click the element identified by ``locator``.</doc>
<msg timestamp="20240513 22:05:05.833" level="INFO">Clicking element 'id=shopping_cart_container'.</msg>
<status status="PASS" starttime="20240513 22:05:05.833" endtime="20240513 22:05:05.894"/>
</kw>
<kw name="Page Should Contain Element" library="SeleniumLibrary">
<arg>xpath=//span[@class='shopping_cart_badge'][text()='1']</arg>
<doc>Verifies that element ``locator`` is found on the current page.</doc>
<msg timestamp="20240513 22:05:05.917" level="INFO">Current page contains element 'xpath=//span[@class='shopping_cart_badge'][text()='1']'.</msg>
<status status="PASS" starttime="20240513 22:05:05.894" endtime="20240513 22:05:05.917"/>
</kw>
<kw name="Click Element" library="SeleniumLibrary">
<arg>id=checkout</arg>
<doc>Click the element identified by ``locator``.</doc>
<msg timestamp="20240513 22:05:05.918" level="INFO">Clicking element 'id=checkout'.</msg>
<status status="PASS" starttime="20240513 22:05:05.917" endtime="20240513 22:05:06.011"/>
</kw>
<status status="PASS" starttime="20240513 22:05:05.832" endtime="20240513 22:05:06.012"/>
</kw>
<kw name="Input information">
<kw name="Input Text" library="SeleniumLibrary">
<arg>id=first-name</arg>
<arg>hakuna</arg>
<doc>Types the given ``text`` into the text field identified by ``locator``.</doc>
<msg timestamp="20240513 22:05:06.015" level="INFO">Typing text 'hakuna' into text field 'id=first-name'.</msg>
<status status="PASS" starttime="20240513 22:05:06.013" endtime="20240513 22:05:06.132"/>
</kw>
<kw name="Input Text" library="SeleniumLibrary">
<arg>id=last-name</arg>
<arg>matata</arg>
<doc>Types the given ``text`` into the text field identified by ``locator``.</doc>
<msg timestamp="20240513 22:05:06.133" level="INFO">Typing text 'matata' into text field 'id=last-name'.</msg>
<status status="PASS" starttime="20240513 22:05:06.132" endtime="20240513 22:05:06.273"/>
</kw>
<kw name="Input Text" library="SeleniumLibrary">
<arg>id=postal-code</arg>
<arg>10230</arg>
<doc>Types the given ``text`` into the text field identified by ``locator``.</doc>
<msg timestamp="20240513 22:05:06.274" level="INFO">Typing text '10230' into text field 'id=postal-code'.</msg>
<status status="PASS" starttime="20240513 22:05:06.274" endtime="20240513 22:05:06.434"/>
</kw>
<kw name="Click Element" library="SeleniumLibrary">
<arg>id=continue</arg>
<doc>Click the element identified by ``locator``.</doc>
<msg timestamp="20240513 22:05:06.437" level="INFO">Clicking element 'id=continue'.</msg>
<status status="PASS" starttime="20240513 22:05:06.435" endtime="20240513 22:05:06.538"/>
</kw>
<status status="PASS" starttime="20240513 22:05:06.012" endtime="20240513 22:05:06.539"/>
</kw>
<kw name="Verify the product information">
<kw name="Page Should Contain Element" library="SeleniumLibrary">
<arg>xpath=//span[@class='title'][text()='Checkout: Overview']</arg>
<doc>Verifies that element ``locator`` is found on the current page.</doc>
<msg timestamp="20240513 22:05:06.561" level="INFO">Current page contains element 'xpath=//span[@class='title'][text()='Checkout: Overview']'.</msg>
<status status="PASS" starttime="20240513 22:05:06.540" endtime="20240513 22:05:06.561"/>
</kw>
<kw name="Page Should Contain Element" library="SeleniumLibrary">
<arg>xpath=//div[@class='inventory_item_name'][text()='Sauce Labs Backpack']</arg>
<doc>Verifies that element ``locator`` is found on the current page.</doc>
<msg timestamp="20240513 22:05:06.580" level="INFO">Current page contains element 'xpath=//div[@class='inventory_item_name'][text()='Sauce Labs Backpack']'.</msg>
<status status="PASS" starttime="20240513 22:05:06.562" endtime="20240513 22:05:06.580"/>
</kw>
<kw name="Get Text" library="SeleniumLibrary">
<var>${item_price}</var>
<arg>xpath=//div[@class='summary_subtotal_label']</arg>
<doc>Returns the text value of the element identified by ``locator``.</doc>
<msg timestamp="20240513 22:05:06.620" level="INFO">${item_price} = Item total: $29.99</msg>
<status status="PASS" starttime="20240513 22:05:06.580" endtime="20240513 22:05:06.620"/>
</kw>
<kw name="Remove String" library="String">
<var>${item_price}</var>
<arg>${item_price}</arg>
<arg>Item</arg>
<arg>total</arg>
<arg>:</arg>
<arg>$</arg>
<doc>Removes all ``removables`` from the given ``string``.</doc>
<msg timestamp="20240513 22:05:06.620" level="INFO">${item_price} =   29.99</msg>
<status status="PASS" starttime="20240513 22:05:06.620" endtime="20240513 22:05:06.620"/>
</kw>
<kw name="Convert To Number" library="BuiltIn">
<var>${item_price}</var>
<arg>${item_price}</arg>
<doc>Converts the given item to a floating point number.</doc>
<msg timestamp="20240513 22:05:06.621" level="INFO">${item_price} = 29.99</msg>
<status status="PASS" starttime="20240513 22:05:06.620" endtime="20240513 22:05:06.621"/>
</kw>
<kw name="Get Text" library="SeleniumLibrary">
<var>${saucelab_price}</var>
<arg>xpath=//div[@class='inventory_item_price']</arg>
<doc>Returns the text value of the element identified by ``locator``.</doc>
<msg timestamp="20240513 22:05:06.657" level="INFO">${saucelab_price} = $29.99</msg>
<status status="PASS" starttime="20240513 22:05:06.621" endtime="20240513 22:05:06.657"/>
</kw>
<kw name="Remove String" library="String">
<var>${saucelab_price}</var>
<arg>${saucelab_price}</arg>
<arg>$</arg>
<doc>Removes all ``removables`` from the given ``string``.</doc>
<msg timestamp="20240513 22:05:06.658" level="INFO">${saucelab_price} = 29.99</msg>
<status status="PASS" starttime="20240513 22:05:06.658" endtime="20240513 22:05:06.658"/>
</kw>
<kw name="Convert To Number" library="BuiltIn">
<var>${saucelab_price}</var>
<arg>${saucelab_price}</arg>
<doc>Converts the given item to a floating point number.</doc>
<msg timestamp="20240513 22:05:06.659" level="INFO">${saucelab_price} = 29.99</msg>
<status status="PASS" starttime="20240513 22:05:06.658" endtime="20240513 22:05:06.659"/>
</kw>
<kw name="Should Be True" library="BuiltIn">
<arg>${item_price} == ${saucelab_price}</arg>
<doc>Fails if the given condition is not true.</doc>
<status status="PASS" starttime="20240513 22:05:06.659" endtime="20240513 22:05:06.660"/>
</kw>
<kw name="Evaluate" library="BuiltIn">
<var>${Tax_cal}</var>
<arg>(${item_price} * 8)/100</arg>
<doc>Evaluates the given expression in Python and returns the result.</doc>
<msg timestamp="20240513 22:05:06.660" level="INFO">${Tax_cal} = 2.3992</msg>
<status status="PASS" starttime="20240513 22:05:06.660" endtime="20240513 22:05:06.660"/>
</kw>
<kw name="Convert To Number" library="BuiltIn">
<var>${Tax_cal}</var>
<arg>${Tax_cal}</arg>
<doc>Converts the given item to a floating point number.</doc>
<msg timestamp="20240513 22:05:06.661" level="INFO">${Tax_cal} = 2.3992</msg>
<status status="PASS" starttime="20240513 22:05:06.660" endtime="20240513 22:05:06.661"/>
</kw>
<kw name="Evaluate" library="BuiltIn">
<var>${Tax_cal}</var>
<arg>"%.2f" % ${Tax_cal}</arg>
<doc>Evaluates the given expression in Python and returns the result.</doc>
<msg timestamp="20240513 22:05:06.661" level="INFO">${Tax_cal} = 2.40</msg>
<status status="PASS" starttime="20240513 22:05:06.661" endtime="20240513 22:05:06.661"/>
</kw>
<kw name="Get Text" library="SeleniumLibrary">
<var>${TAX}</var>
<arg>xpath=//div[@class='summary_tax_label']</arg>
<doc>Returns the text value of the element identified by ``locator``.</doc>
<msg timestamp="20240513 22:05:06.702" level="INFO">${TAX} = Tax: $2.40</msg>
<status status="PASS" starttime="20240513 22:05:06.661" endtime="20240513 22:05:06.702"/>
</kw>
<kw name="Remove String" library="String">
<var>${TAX}</var>
<arg>${TAX}</arg>
<arg>Tax</arg>
<arg>:</arg>
<arg>$</arg>
<doc>Removes all ``removables`` from the given ``string``.</doc>
<msg timestamp="20240513 22:05:06.703" level="INFO">${TAX} =  2.40</msg>
<status status="PASS" starttime="20240513 22:05:06.703" endtime="20240513 22:05:06.703"/>
</kw>
<kw name="Convert To Number" library="BuiltIn">
<var>${TAX}</var>
<arg>${TAX}</arg>
<doc>Converts the given item to a floating point number.</doc>
<msg timestamp="20240513 22:05:06.704" level="INFO">${TAX} = 2.4</msg>
<status status="PASS" starttime="20240513 22:05:06.703" endtime="20240513 22:05:06.704"/>
</kw>
<kw name="Should Be True" library="BuiltIn">
<arg>${Tax_cal} == ${TAX}</arg>
<doc>Fails if the given condition is not true.</doc>
<status status="PASS" starttime="20240513 22:05:06.704" endtime="20240513 22:05:06.707"/>
</kw>
<kw name="Evaluate" library="BuiltIn">
<var>${Pricetotal}</var>
<arg>${Tax_cal} + ${item_price}</arg>
<doc>Evaluates the given expression in Python and returns the result.</doc>
<msg timestamp="20240513 22:05:06.708" level="INFO">${Pricetotal} = 32.39</msg>
<status status="PASS" starttime="20240513 22:05:06.707" endtime="20240513 22:05:06.708"/>
</kw>
<kw name="Convert To Number" library="BuiltIn">
<var>${Pricetotal}</var>
<arg>${Pricetotal}</arg>
<doc>Converts the given item to a floating point number.</doc>
<msg timestamp="20240513 22:05:06.709" level="INFO">${Pricetotal} = 32.39</msg>
<status status="PASS" starttime="20240513 22:05:06.709" endtime="20240513 22:05:06.709"/>
</kw>
<kw name="Evaluate" library="BuiltIn">
<var>${Pricetotal}</var>
<arg>"%.2f" % ${Pricetotal}</arg>
<doc>Evaluates the given expression in Python and returns the result.</doc>
<msg timestamp="20240513 22:05:06.710" level="INFO">${Pricetotal} = 32.39</msg>
<status status="PASS" starttime="20240513 22:05:06.709" endtime="20240513 22:05:06.710"/>
</kw>
<kw name="Get Text" library="SeleniumLibrary">
<var>${totalpriceincludetax}</var>
<arg>xpath=//div[@class='summary_total_label']</arg>
<doc>Returns the text value of the element identified by ``locator``.</doc>
<msg timestamp="20240513 22:05:06.759" level="INFO">${totalpriceincludetax} = Total: $32.39</msg>
<status status="PASS" starttime="20240513 22:05:06.711" endtime="20240513 22:05:06.759"/>
</kw>
<kw name="Remove String" library="String">
<var>${totalpriceincludetax}</var>
<arg>${totalpriceincludetax}</arg>
<arg>Total</arg>
<arg>:</arg>
<arg>$</arg>
<doc>Removes all ``removables`` from the given ``string``.</doc>
<msg timestamp="20240513 22:05:06.759" level="INFO">${totalpriceincludetax} =  32.39</msg>
<status status="PASS" starttime="20240513 22:05:06.759" endtime="20240513 22:05:06.759"/>
</kw>
<kw name="Convert To Number" library="BuiltIn">
<var>${totalpriceincludetax}</var>
<arg>${totalpriceincludetax}</arg>
<doc>Converts the given item to a floating point number.</doc>
<msg timestamp="20240513 22:05:06.760" level="INFO">${totalpriceincludetax} = 32.39</msg>
<status status="PASS" starttime="20240513 22:05:06.760" endtime="20240513 22:05:06.760"/>
</kw>
<kw name="Evaluate" library="BuiltIn">
<var>${totalpriceincludetax}</var>
<arg>"%.2f" % ${totalpriceincludetax}</arg>
<doc>Evaluates the given expression in Python and returns the result.</doc>
<msg timestamp="20240513 22:05:06.761" level="INFO">${totalpriceincludetax} = 32.39</msg>
<status status="PASS" starttime="20240513 22:05:06.760" endtime="20240513 22:05:06.761"/>
</kw>
<kw name="Should Be True" library="BuiltIn">
<arg>${totalpriceincludetax} == ${Pricetotal}</arg>
<doc>Fails if the given condition is not true.</doc>
<status status="PASS" starttime="20240513 22:05:06.761" endtime="20240513 22:05:06.761"/>
</kw>
<kw name="Click Element" library="SeleniumLibrary">
<arg>id=finish</arg>
<doc>Click the element identified by ``locator``.</doc>
<msg timestamp="20240513 22:05:06.762" level="INFO">Clicking element 'id=finish'.</msg>
<status status="PASS" starttime="20240513 22:05:06.761" endtime="20240513 22:05:06.887"/>
</kw>
<kw name="Page Should Contain Element" library="SeleniumLibrary">
<arg>xpath=//h2[@class='complete-header'][text()='Thank you for your order!']</arg>
<doc>Verifies that element ``locator`` is found on the current page.</doc>
<msg timestamp="20240513 22:05:06.913" level="INFO">Current page contains element 'xpath=//h2[@class='complete-header'][text()='Thank you for your order!']'.</msg>
<status status="PASS" starttime="20240513 22:05:06.890" endtime="20240513 22:05:06.914"/>
</kw>
<kw name="Page Should Contain Button" library="SeleniumLibrary">
<arg>id=back-to-products</arg>
<doc>Verifies button ``locator`` is found from current page.</doc>
<msg timestamp="20240513 22:05:06.966" level="INFO">Current page contains button 'id=back-to-products'.</msg>
<status status="PASS" starttime="20240513 22:05:06.914" endtime="20240513 22:05:06.966"/>
</kw>
<status status="PASS" starttime="20240513 22:05:06.539" endtime="20240513 22:05:06.966"/>
</kw>
<status status="PASS" starttime="20240513 22:05:01.173" endtime="20240513 22:05:06.966"/>
</test>
<status status="PASS" starttime="20240513 22:05:00.840" endtime="20240513 22:05:06.967"/>
</suite>
<statistics>
<total>
<stat pass="1" fail="0" skip="0">All Tests</stat>
</total>
<tag>
</tag>
<suite>
<stat pass="1" fail="0" skip="0" id="s1" name="Swaglab">Swaglab</stat>
</suite>
</statistics>
<errors>
</errors>
</robot>
