<?xml version="1.0" encoding="UTF-8"?>
<robot generator="Robot 6.0 (Python 3.11.9 on win32)" generated="20240513 22:31:37.470" rpa="false" schemaversion="3">
<suite id="s1" name="Swaglab" source="C:\Users\Supawan.Po\Desktop\Robot_learning\robot-swag-labs\test_suite\swaglab.robot">
<test id="s1-t1" name="E2E_Buy_product_success" line="6">
<kw name="Log" library="BuiltIn">
<arg>Helloworld</arg>
<doc>Logs the given message with the given level.</doc>
<msg timestamp="20240513 22:31:38.035" level="INFO">Helloworld</msg>
<status status="PASS" starttime="20240513 22:31:38.035" endtime="20240513 22:31:38.036"/>
</kw>
<kw name="Login" library="index_page">
<kw name="Open Browser" library="SeleniumLibrary">
<arg>https://www.saucedemo.com/</arg>
<arg>browser=chrome</arg>
<arg>options=binary_location=r"C:\\Chrome\\chrome-win64\\chrome.exe"</arg>
<arg>executable_path=C:\\Chrome\\chromedriver-win64\\chromedriver-win64\\chromedriver.exe</arg>
<doc>Opens a new browser instance to the optional ``url``.</doc>
<msg timestamp="20240513 22:31:38.037" level="INFO">Opening browser 'chrome' to base url 'https://www.saucedemo.com/'.</msg>
<status status="PASS" starttime="20240513 22:31:38.036" endtime="20240513 22:31:42.170"/>
</kw>
<kw name="Maximize Browser Window" library="SeleniumLibrary">
<doc>Maximizes current browser window.</doc>
<status status="PASS" starttime="20240513 22:31:42.170" endtime="20240513 22:31:42.228"/>
</kw>
<kw name="Input Text" library="SeleniumLibrary">
<arg>id=user-name</arg>
<arg>standard_user</arg>
<doc>Types the given ``text`` into the text field identified by ``locator``.</doc>
<msg timestamp="20240513 22:31:42.230" level="INFO">Typing text 'standard_user' into text field 'id=user-name'.</msg>
<status status="PASS" starttime="20240513 22:31:42.229" endtime="20240513 22:31:42.518"/>
</kw>
<kw name="Input Text" library="SeleniumLibrary">
<arg>id=password</arg>
<arg>secret_sauce</arg>
<doc>Types the given ``text`` into the text field identified by ``locator``.</doc>
<msg timestamp="20240513 22:31:42.521" level="INFO">Typing text 'secret_sauce' into text field 'id=password'.</msg>
<status status="PASS" starttime="20240513 22:31:42.519" endtime="20240513 22:31:42.646"/>
</kw>
<kw name="Textfield Should Contain" library="SeleniumLibrary">
<arg>id=user-name</arg>
<arg>standard_user</arg>
<doc>Verifies text field ``locator`` contains text ``expected``.</doc>
<msg timestamp="20240513 22:31:42.677" level="INFO">Text field 'id=user-name' contains text 'standard_user'.</msg>
<status status="PASS" starttime="20240513 22:31:42.646" endtime="20240513 22:31:42.677"/>
</kw>
<kw name="Page Should Contain Element" library="SeleniumLibrary">
<arg>//div[@class='login_logo'][text()='Swag Labs']</arg>
<doc>Verifies that element ``locator`` is found on the current page.</doc>
<msg timestamp="20240513 22:31:42.693" level="INFO">Current page contains element '//div[@class='login_logo'][text()='Swag Labs']'.</msg>
<status status="PASS" starttime="20240513 22:31:42.677" endtime="20240513 22:31:42.693"/>
</kw>
<kw name="Textfield Should Contain" library="SeleniumLibrary">
<arg>id=password</arg>
<arg>secret_sauce</arg>
<doc>Verifies text field ``locator`` contains text ``expected``.</doc>
<msg timestamp="20240513 22:31:42.723" level="INFO">Text field 'id=password' contains text 'secret_sauce'.</msg>
<status status="PASS" starttime="20240513 22:31:42.693" endtime="20240513 22:31:42.723"/>
</kw>
<kw name="Click Button" library="SeleniumLibrary">
<arg>id=login-button</arg>
<doc>Clicks the button identified by ``locator``.</doc>
<msg timestamp="20240513 22:31:42.724" level="INFO">Clicking button 'id=login-button'.</msg>
<status status="PASS" starttime="20240513 22:31:42.723" endtime="20240513 22:31:42.885"/>
</kw>
<kw name="Page Should Contain Element" library="SeleniumLibrary">
<arg>//div//span[@class='title'][text()='Products']</arg>
<doc>Verifies that element ``locator`` is found on the current page.</doc>
<msg timestamp="20240513 22:31:42.901" level="INFO">Current page contains element '//div//span[@class='title'][text()='Products']'.</msg>
<status status="PASS" starttime="20240513 22:31:42.885" endtime="20240513 22:31:42.901"/>
</kw>
<status status="PASS" starttime="20240513 22:31:38.036" endtime="20240513 22:31:42.902"/>
</kw>
<kw name="Filter the product" library="common">
<kw name="Click Element" library="SeleniumLibrary">
<arg>xpath=//div//select[@class='product_sort_container']</arg>
<doc>Click the element identified by ``locator``.</doc>
<msg timestamp="20240513 22:31:42.903" level="INFO">Clicking element 'xpath=//div//select[@class='product_sort_container']'.</msg>
<status status="PASS" starttime="20240513 22:31:42.902" endtime="20240513 22:31:43.019"/>
</kw>
<kw name="Select From List By Value" library="SeleniumLibrary">
<arg>xpath=//div//select[@class='product_sort_container']</arg>
<arg>hilo</arg>
<doc>Selects options from selection list ``locator`` by ``values``.</doc>
<msg timestamp="20240513 22:31:43.020" level="INFO">Selecting options from selection list 'xpath=//div//select[@class='product_sort_container']' by value hilo.</msg>
<status status="PASS" starttime="20240513 22:31:43.020" endtime="20240513 22:31:43.160"/>
</kw>
<kw name="Page Should Contain Element" library="SeleniumLibrary">
<arg>xpath=//div//select[@class='product_sort_container']</arg>
<arg>hilo</arg>
<doc>Verifies that element ``locator`` is found on the current page.</doc>
<msg timestamp="20240513 22:31:43.174" level="INFO">Current page contains element 'xpath=//div//select[@class='product_sort_container']'.</msg>
<status status="PASS" starttime="20240513 22:31:43.160" endtime="20240513 22:31:43.174"/>
</kw>
<status status="PASS" starttime="20240513 22:31:42.902" endtime="20240513 22:31:43.174"/>
</kw>
<kw name="Add the product to the cart" library="common">
<kw name="Click Element" library="SeleniumLibrary">
<arg>xpath=//div[normalize-space()='Sauce Labs Backpack']</arg>
<doc>Click the element identified by ``locator``.</doc>
<msg timestamp="20240513 22:31:43.175" level="INFO">Clicking element 'xpath=//div[normalize-space()='Sauce Labs Backpack']'.</msg>
<status status="PASS" starttime="20240513 22:31:43.175" endtime="20240513 22:31:43.264"/>
</kw>
<kw name="Page Should Contain Element" library="SeleniumLibrary">
<arg>xpath=//div[@class='inventory_details_name large_size'][text()='Sauce Labs Backpack']</arg>
<doc>Verifies that element ``locator`` is found on the current page.</doc>
<msg timestamp="20240513 22:31:43.288" level="INFO">Current page contains element 'xpath=//div[@class='inventory_details_name large_size'][text()='Sauce Labs Backpack']'.</msg>
<status status="PASS" starttime="20240513 22:31:43.264" endtime="20240513 22:31:43.288"/>
</kw>
<kw name="Page Should Contain Element" library="SeleniumLibrary">
<arg>xpath=//div[@class='inventory_details_price'][text()='29.99']</arg>
<doc>Verifies that element ``locator`` is found on the current page.</doc>
<msg timestamp="20240513 22:31:43.297" level="INFO">Current page contains element 'xpath=//div[@class='inventory_details_price'][text()='29.99']'.</msg>
<status status="PASS" starttime="20240513 22:31:43.288" endtime="20240513 22:31:43.297"/>
</kw>
<kw name="Click Element" library="SeleniumLibrary">
<arg>xpath= //button[@id='add-to-cart']</arg>
<doc>Click the element identified by ``locator``.</doc>
<msg timestamp="20240513 22:31:43.297" level="INFO">Clicking element 'xpath= //button[@id='add-to-cart']'.</msg>
<status status="PASS" starttime="20240513 22:31:43.297" endtime="20240513 22:31:43.360"/>
</kw>
<kw name="Page Should Contain Element" library="SeleniumLibrary">
<arg>xpath=//button[@id='remove'][text()='Remove']</arg>
<doc>Verifies that element ``locator`` is found on the current page.</doc>
<msg timestamp="20240513 22:31:43.385" level="INFO">Current page contains element 'xpath=//button[@id='remove'][text()='Remove']'.</msg>
<status status="PASS" starttime="20240513 22:31:43.361" endtime="20240513 22:31:43.385"/>
</kw>
<status status="PASS" starttime="20240513 22:31:43.174" endtime="20240513 22:31:43.386"/>
</kw>
<kw name="Check out the product" library="common">
<kw name="Click Element" library="SeleniumLibrary">
<arg>id=shopping_cart_container</arg>
<doc>Click the element identified by ``locator``.</doc>
<msg timestamp="20240513 22:31:43.388" level="INFO">Clicking element 'id=shopping_cart_container'.</msg>
<status status="PASS" starttime="20240513 22:31:43.387" endtime="20240513 22:31:43.447"/>
</kw>
<kw name="Page Should Contain Element" library="SeleniumLibrary">
<arg>xpath=//span[@class='shopping_cart_badge'][text()='1']</arg>
<doc>Verifies that element ``locator`` is found on the current page.</doc>
<msg timestamp="20240513 22:31:43.464" level="INFO">Current page contains element 'xpath=//span[@class='shopping_cart_badge'][text()='1']'.</msg>
<status status="PASS" starttime="20240513 22:31:43.447" endtime="20240513 22:31:43.464"/>
</kw>
<kw name="Click Element" library="SeleniumLibrary">
<arg>id=checkout</arg>
<doc>Click the element identified by ``locator``.</doc>
<msg timestamp="20240513 22:31:43.465" level="INFO">Clicking element 'id=checkout'.</msg>
<status status="PASS" starttime="20240513 22:31:43.465" endtime="20240513 22:31:43.530"/>
</kw>
<status status="PASS" starttime="20240513 22:31:43.386" endtime="20240513 22:31:43.530"/>
</kw>
<kw name="Input information" library="common">
<kw name="Input Text" library="SeleniumLibrary">
<arg>id=first-name</arg>
<arg>hakuna</arg>
<doc>Types the given ``text`` into the text field identified by ``locator``.</doc>
<msg timestamp="20240513 22:31:43.532" level="INFO">Typing text 'hakuna' into text field 'id=first-name'.</msg>
<status status="PASS" starttime="20240513 22:31:43.531" endtime="20240513 22:31:43.637"/>
</kw>
<kw name="Input Text" library="SeleniumLibrary">
<arg>id=last-name</arg>
<arg>matata</arg>
<doc>Types the given ``text`` into the text field identified by ``locator``.</doc>
<msg timestamp="20240513 22:31:43.638" level="INFO">Typing text 'matata' into text field 'id=last-name'.</msg>
<status status="PASS" starttime="20240513 22:31:43.638" endtime="20240513 22:31:43.810"/>
</kw>
<kw name="Input Text" library="SeleniumLibrary">
<arg>id=postal-code</arg>
<arg>10230</arg>
<doc>Types the given ``text`` into the text field identified by ``locator``.</doc>
<msg timestamp="20240513 22:31:43.813" level="INFO">Typing text '10230' into text field 'id=postal-code'.</msg>
<status status="PASS" starttime="20240513 22:31:43.811" endtime="20240513 22:31:43.967"/>
</kw>
<kw name="Click Element" library="SeleniumLibrary">
<arg>id=continue</arg>
<doc>Click the element identified by ``locator``.</doc>
<msg timestamp="20240513 22:31:43.968" level="INFO">Clicking element 'id=continue'.</msg>
<status status="PASS" starttime="20240513 22:31:43.968" endtime="20240513 22:31:44.068"/>
</kw>
<status status="PASS" starttime="20240513 22:31:43.531" endtime="20240513 22:31:44.069"/>
</kw>
<kw name="Verify the product information" library="common">
<kw name="Page Should Contain Element" library="SeleniumLibrary">
<arg>xpath=//span[@class='title'][text()='Checkout: Overview']</arg>
<doc>Verifies that element ``locator`` is found on the current page.</doc>
<msg timestamp="20240513 22:31:44.147" level="INFO">Current page contains element 'xpath=//span[@class='title'][text()='Checkout: Overview']'.</msg>
<status status="PASS" starttime="20240513 22:31:44.072" endtime="20240513 22:31:44.147"/>
</kw>
<kw name="Page Should Contain Element" library="SeleniumLibrary">
<arg>xpath=//div[@class='inventory_item_name'][text()='Sauce Labs Backpack']</arg>
<doc>Verifies that element ``locator`` is found on the current page.</doc>
<msg timestamp="20240513 22:31:44.162" level="INFO">Current page contains element 'xpath=//div[@class='inventory_item_name'][text()='Sauce Labs Backpack']'.</msg>
<status status="PASS" starttime="20240513 22:31:44.147" endtime="20240513 22:31:44.163"/>
</kw>
<kw name="Get Text" library="SeleniumLibrary">
<var>${item_price}</var>
<arg>xpath=//div[@class='summary_subtotal_label']</arg>
<doc>Returns the text value of the element identified by ``locator``.</doc>
<msg timestamp="20240513 22:31:44.193" level="INFO">${item_price} = Item total: $29.99</msg>
<status status="PASS" starttime="20240513 22:31:44.163" endtime="20240513 22:31:44.193"/>
</kw>
<kw name="Remove String" library="String">
<var>${item_price}</var>
<arg>${item_price}</arg>
<arg>Item</arg>
<arg>total</arg>
<arg>:</arg>
<arg>$</arg>
<doc>Removes all ``removables`` from the given ``string``.</doc>
<msg timestamp="20240513 22:31:44.193" level="INFO">${item_price} =   29.99</msg>
<status status="PASS" starttime="20240513 22:31:44.193" endtime="20240513 22:31:44.193"/>
</kw>
<kw name="Convert To Number" library="BuiltIn">
<var>${item_price}</var>
<arg>${item_price}</arg>
<doc>Converts the given item to a floating point number.</doc>
<msg timestamp="20240513 22:31:44.193" level="INFO">${item_price} = 29.99</msg>
<status status="PASS" starttime="20240513 22:31:44.193" endtime="20240513 22:31:44.193"/>
</kw>
<kw name="Get Text" library="SeleniumLibrary">
<var>${saucelab_price}</var>
<arg>xpath=//div[@class='inventory_item_price']</arg>
<doc>Returns the text value of the element identified by ``locator``.</doc>
<msg timestamp="20240513 22:31:44.214" level="INFO">${saucelab_price} = $29.99</msg>
<status status="PASS" starttime="20240513 22:31:44.195" endtime="20240513 22:31:44.214"/>
</kw>
<kw name="Remove String" library="String">
<var>${saucelab_price}</var>
<arg>${saucelab_price}</arg>
<arg>$</arg>
<doc>Removes all ``removables`` from the given ``string``.</doc>
<msg timestamp="20240513 22:31:44.215" level="INFO">${saucelab_price} = 29.99</msg>
<status status="PASS" starttime="20240513 22:31:44.215" endtime="20240513 22:31:44.215"/>
</kw>
<kw name="Convert To Number" library="BuiltIn">
<var>${saucelab_price}</var>
<arg>${saucelab_price}</arg>
<doc>Converts the given item to a floating point number.</doc>
<msg timestamp="20240513 22:31:44.215" level="INFO">${saucelab_price} = 29.99</msg>
<status status="PASS" starttime="20240513 22:31:44.215" endtime="20240513 22:31:44.215"/>
</kw>
<kw name="Should Be True" library="BuiltIn">
<arg>${item_price} == ${saucelab_price}</arg>
<doc>Fails if the given condition is not true.</doc>
<status status="PASS" starttime="20240513 22:31:44.215" endtime="20240513 22:31:44.216"/>
</kw>
<kw name="Evaluate" library="BuiltIn">
<var>${Tax_cal}</var>
<arg>(${item_price} * 8)/100</arg>
<doc>Evaluates the given expression in Python and returns the result.</doc>
<msg timestamp="20240513 22:31:44.216" level="INFO">${Tax_cal} = 2.3992</msg>
<status status="PASS" starttime="20240513 22:31:44.216" endtime="20240513 22:31:44.216"/>
</kw>
<kw name="Convert To Number" library="BuiltIn">
<var>${Tax_cal}</var>
<arg>${Tax_cal}</arg>
<doc>Converts the given item to a floating point number.</doc>
<msg timestamp="20240513 22:31:44.217" level="INFO">${Tax_cal} = 2.3992</msg>
<status status="PASS" starttime="20240513 22:31:44.216" endtime="20240513 22:31:44.217"/>
</kw>
<kw name="Evaluate" library="BuiltIn">
<var>${Tax_cal}</var>
<arg>"%.2f" % ${Tax_cal}</arg>
<doc>Evaluates the given expression in Python and returns the result.</doc>
<msg timestamp="20240513 22:31:44.217" level="INFO">${Tax_cal} = 2.40</msg>
<status status="PASS" starttime="20240513 22:31:44.217" endtime="20240513 22:31:44.217"/>
</kw>
<kw name="Get Text" library="SeleniumLibrary">
<var>${TAX}</var>
<arg>xpath=//div[@class='summary_tax_label']</arg>
<doc>Returns the text value of the element identified by ``locator``.</doc>
<msg timestamp="20240513 22:31:44.241" level="INFO">${TAX} = Tax: $2.40</msg>
<status status="PASS" starttime="20240513 22:31:44.217" endtime="20240513 22:31:44.241"/>
</kw>
<kw name="Remove String" library="String">
<var>${TAX}</var>
<arg>${TAX}</arg>
<arg>Tax</arg>
<arg>:</arg>
<arg>$</arg>
<doc>Removes all ``removables`` from the given ``string``.</doc>
<msg timestamp="20240513 22:31:44.241" level="INFO">${TAX} =  2.40</msg>
<status status="PASS" starttime="20240513 22:31:44.241" endtime="20240513 22:31:44.241"/>
</kw>
<kw name="Convert To Number" library="BuiltIn">
<var>${TAX}</var>
<arg>${TAX}</arg>
<doc>Converts the given item to a floating point number.</doc>
<msg timestamp="20240513 22:31:44.242" level="INFO">${TAX} = 2.4</msg>
<status status="PASS" starttime="20240513 22:31:44.242" endtime="20240513 22:31:44.242"/>
</kw>
<kw name="Should Be True" library="BuiltIn">
<arg>${Tax_cal} == ${TAX}</arg>
<doc>Fails if the given condition is not true.</doc>
<status status="PASS" starttime="20240513 22:31:44.242" endtime="20240513 22:31:44.242"/>
</kw>
<kw name="Evaluate" library="BuiltIn">
<var>${Pricetotal}</var>
<arg>${Tax_cal} + ${item_price}</arg>
<doc>Evaluates the given expression in Python and returns the result.</doc>
<msg timestamp="20240513 22:31:44.243" level="INFO">${Pricetotal} = 32.39</msg>
<status status="PASS" starttime="20240513 22:31:44.242" endtime="20240513 22:31:44.243"/>
</kw>
<kw name="Convert To Number" library="BuiltIn">
<var>${Pricetotal}</var>
<arg>${Pricetotal}</arg>
<doc>Converts the given item to a floating point number.</doc>
<msg timestamp="20240513 22:31:44.243" level="INFO">${Pricetotal} = 32.39</msg>
<status status="PASS" starttime="20240513 22:31:44.243" endtime="20240513 22:31:44.243"/>
</kw>
<kw name="Evaluate" library="BuiltIn">
<var>${Pricetotal}</var>
<arg>"%.2f" % ${Pricetotal}</arg>
<doc>Evaluates the given expression in Python and returns the result.</doc>
<msg timestamp="20240513 22:31:44.244" level="INFO">${Pricetotal} = 32.39</msg>
<status status="PASS" starttime="20240513 22:31:44.243" endtime="20240513 22:31:44.244"/>
</kw>
<kw name="Get Text" library="SeleniumLibrary">
<var>${totalpriceincludetax}</var>
<arg>xpath=//div[@class='summary_total_label']</arg>
<doc>Returns the text value of the element identified by ``locator``.</doc>
<msg timestamp="20240513 22:31:44.269" level="INFO">${totalpriceincludetax} = Total: $32.39</msg>
<status status="PASS" starttime="20240513 22:31:44.244" endtime="20240513 22:31:44.269"/>
</kw>
<kw name="Remove String" library="String">
<var>${totalpriceincludetax}</var>
<arg>${totalpriceincludetax}</arg>
<arg>Total</arg>
<arg>:</arg>
<arg>$</arg>
<doc>Removes all ``removables`` from the given ``string``.</doc>
<msg timestamp="20240513 22:31:44.269" level="INFO">${totalpriceincludetax} =  32.39</msg>
<status status="PASS" starttime="20240513 22:31:44.269" endtime="20240513 22:31:44.269"/>
</kw>
<kw name="Convert To Number" library="BuiltIn">
<var>${totalpriceincludetax}</var>
<arg>${totalpriceincludetax}</arg>
<doc>Converts the given item to a floating point number.</doc>
<msg timestamp="20240513 22:31:44.270" level="INFO">${totalpriceincludetax} = 32.39</msg>
<status status="PASS" starttime="20240513 22:31:44.270" endtime="20240513 22:31:44.270"/>
</kw>
<kw name="Evaluate" library="BuiltIn">
<var>${totalpriceincludetax}</var>
<arg>"%.2f" % ${totalpriceincludetax}</arg>
<doc>Evaluates the given expression in Python and returns the result.</doc>
<msg timestamp="20240513 22:31:44.270" level="INFO">${totalpriceincludetax} = 32.39</msg>
<status status="PASS" starttime="20240513 22:31:44.270" endtime="20240513 22:31:44.270"/>
</kw>
<kw name="Should Be True" library="BuiltIn">
<arg>${totalpriceincludetax} == ${Pricetotal}</arg>
<doc>Fails if the given condition is not true.</doc>
<status status="PASS" starttime="20240513 22:31:44.271" endtime="20240513 22:31:44.271"/>
</kw>
<kw name="Click Element" library="SeleniumLibrary">
<arg>id=finish</arg>
<doc>Click the element identified by ``locator``.</doc>
<msg timestamp="20240513 22:31:44.272" level="INFO">Clicking element 'id=finish'.</msg>
<status status="PASS" starttime="20240513 22:31:44.271" endtime="20240513 22:31:44.351"/>
</kw>
<kw name="Page Should Contain Element" library="SeleniumLibrary">
<arg>xpath=//h2[@class='complete-header'][text()='Thank you for your order!']</arg>
<doc>Verifies that element ``locator`` is found on the current page.</doc>
<msg timestamp="20240513 22:31:44.374" level="INFO">Current page contains element 'xpath=//h2[@class='complete-header'][text()='Thank you for your order!']'.</msg>
<status status="PASS" starttime="20240513 22:31:44.351" endtime="20240513 22:31:44.374"/>
</kw>
<kw name="Page Should Contain Button" library="SeleniumLibrary">
<arg>id=back-to-products</arg>
<doc>Verifies button ``locator`` is found from current page.</doc>
<msg timestamp="20240513 22:31:44.425" level="INFO">Current page contains button 'id=back-to-products'.</msg>
<status status="PASS" starttime="20240513 22:31:44.374" endtime="20240513 22:31:44.426"/>
</kw>
<status status="PASS" starttime="20240513 22:31:44.072" endtime="20240513 22:31:44.426"/>
</kw>
<status status="PASS" starttime="20240513 22:31:38.033" endtime="20240513 22:31:44.426"/>
</test>
<status status="PASS" starttime="20240513 22:31:37.473" endtime="20240513 22:31:44.428"/>
</suite>
<statistics>
<total>
<stat pass="1" fail="0" skip="0">All Tests</stat>
</total>
<tag>
</tag>
<suite>
<stat pass="1" fail="0" skip="0" id="s1" name="Swaglab">Swaglab</stat>
</suite>
</statistics>
<errors>
</errors>
</robot>
