<?xml version="1.0" encoding="UTF-8"?>
<robot generator="Robot 6.0 (Python 3.11.9 on win32)" generated="20240513 22:13:02.619" rpa="false" schemaversion="3">
<suite id="s1" name="Swaglab" source="C:\Users\Supawan.Po\Desktop\Robot_learning\robot-swag-labs\test_suite\swaglab.robot">
<test id="s1-t1" name="E2E_Buy_product_success" line="6">
<kw name="Log" library="BuiltIn">
<arg>Helloworld</arg>
<doc>Logs the given message with the given level.</doc>
<msg timestamp="20240513 22:13:03.280" level="INFO">Helloworld</msg>
<status status="PASS" starttime="20240513 22:13:03.280" endtime="20240513 22:13:03.281"/>
</kw>
<kw name="Login" library="import">
<kw name="Open Browser" library="SeleniumLibrary">
<arg>https://www.saucedemo.com/</arg>
<arg>browser=chrome</arg>
<arg>options=binary_location=r"C:\\Chrome\\chrome-win64\\chrome.exe"</arg>
<arg>executable_path=C:\\Chrome\\chromedriver-win64\\chromedriver-win64\\chromedriver.exe</arg>
<doc>Opens a new browser instance to the optional ``url``.</doc>
<msg timestamp="20240513 22:13:03.283" level="INFO">Opening browser 'chrome' to base url 'https://www.saucedemo.com/'.</msg>
<status status="PASS" starttime="20240513 22:13:03.281" endtime="20240513 22:13:05.919"/>
</kw>
<kw name="Maximize Browser Window" library="SeleniumLibrary">
<doc>Maximizes current browser window.</doc>
<status status="PASS" starttime="20240513 22:13:05.919" endtime="20240513 22:13:05.967"/>
</kw>
<kw name="Input Text" library="SeleniumLibrary">
<arg>id=user-name</arg>
<arg>standard_user</arg>
<doc>Types the given ``text`` into the text field identified by ``locator``.</doc>
<msg timestamp="20240513 22:13:05.973" level="INFO">Typing text 'standard_user' into text field 'id=user-name'.</msg>
<status status="PASS" starttime="20240513 22:13:05.968" endtime="20240513 22:13:06.232"/>
</kw>
<kw name="Input Text" library="SeleniumLibrary">
<arg>id=password</arg>
<arg>secret_sauce</arg>
<doc>Types the given ``text`` into the text field identified by ``locator``.</doc>
<msg timestamp="20240513 22:13:06.234" level="INFO">Typing text 'secret_sauce' into text field 'id=password'.</msg>
<status status="PASS" starttime="20240513 22:13:06.233" endtime="20240513 22:13:06.363"/>
</kw>
<kw name="Textfield Should Contain" library="SeleniumLibrary">
<arg>id=user-name</arg>
<arg>standard_user</arg>
<doc>Verifies text field ``locator`` contains text ``expected``.</doc>
<msg timestamp="20240513 22:13:06.401" level="INFO">Text field 'id=user-name' contains text 'standard_user'.</msg>
<status status="PASS" starttime="20240513 22:13:06.363" endtime="20240513 22:13:06.401"/>
</kw>
<kw name="Page Should Contain Element" library="SeleniumLibrary">
<arg>//div[@class='login_logo'][text()='Swag Labs']</arg>
<doc>Verifies that element ``locator`` is found on the current page.</doc>
<msg timestamp="20240513 22:13:06.422" level="INFO">Current page contains element '//div[@class='login_logo'][text()='Swag Labs']'.</msg>
<status status="PASS" starttime="20240513 22:13:06.401" endtime="20240513 22:13:06.422"/>
</kw>
<kw name="Textfield Should Contain" library="SeleniumLibrary">
<arg>id=password</arg>
<arg>secret_sauce</arg>
<doc>Verifies text field ``locator`` contains text ``expected``.</doc>
<msg timestamp="20240513 22:13:06.451" level="INFO">Text field 'id=password' contains text 'secret_sauce'.</msg>
<status status="PASS" starttime="20240513 22:13:06.422" endtime="20240513 22:13:06.451"/>
</kw>
<kw name="Click Button" library="SeleniumLibrary">
<arg>id=login-button</arg>
<doc>Clicks the button identified by ``locator``.</doc>
<msg timestamp="20240513 22:13:06.452" level="INFO">Clicking button 'id=login-button'.</msg>
<status status="PASS" starttime="20240513 22:13:06.451" endtime="20240513 22:13:06.592"/>
</kw>
<kw name="Page Should Contain Element" library="SeleniumLibrary">
<arg>//div//span[@class='title'][text()='Products']</arg>
<doc>Verifies that element ``locator`` is found on the current page.</doc>
<msg timestamp="20240513 22:13:06.611" level="INFO">Current page contains element '//div//span[@class='title'][text()='Products']'.</msg>
<status status="PASS" starttime="20240513 22:13:06.592" endtime="20240513 22:13:06.611"/>
</kw>
<status status="PASS" starttime="20240513 22:13:03.281" endtime="20240513 22:13:06.611"/>
</kw>
<kw name="Filter the product" library="import">
<kw name="Click Element" library="SeleniumLibrary">
<arg>xpath=//div//select[@class='product_sort_container']</arg>
<doc>Click the element identified by ``locator``.</doc>
<msg timestamp="20240513 22:13:06.617" level="INFO">Clicking element 'xpath=//div//select[@class='product_sort_container']'.</msg>
<status status="PASS" starttime="20240513 22:13:06.616" endtime="20240513 22:13:06.770"/>
</kw>
<kw name="Select From List By Value" library="SeleniumLibrary">
<arg>xpath=//div//select[@class='product_sort_container']</arg>
<arg>hilo</arg>
<doc>Selects options from selection list ``locator`` by ``values``.</doc>
<msg timestamp="20240513 22:13:06.772" level="INFO">Selecting options from selection list 'xpath=//div//select[@class='product_sort_container']' by value hilo.</msg>
<status status="PASS" starttime="20240513 22:13:06.771" endtime="20240513 22:13:06.945"/>
</kw>
<kw name="Page Should Contain Element" library="SeleniumLibrary">
<arg>xpath=//div//select[@class='product_sort_container']</arg>
<arg>hilo</arg>
<doc>Verifies that element ``locator`` is found on the current page.</doc>
<msg timestamp="20240513 22:13:06.966" level="INFO">Current page contains element 'xpath=//div//select[@class='product_sort_container']'.</msg>
<status status="PASS" starttime="20240513 22:13:06.945" endtime="20240513 22:13:06.966"/>
</kw>
<status status="PASS" starttime="20240513 22:13:06.616" endtime="20240513 22:13:06.966"/>
</kw>
<kw name="Add the product to the cart" library="import">
<kw name="Click Element" library="SeleniumLibrary">
<arg>xpath=//div[normalize-space()='Sauce Labs Backpack']</arg>
<doc>Click the element identified by ``locator``.</doc>
<msg timestamp="20240513 22:13:06.972" level="INFO">Clicking element 'xpath=//div[normalize-space()='Sauce Labs Backpack']'.</msg>
<status status="PASS" starttime="20240513 22:13:06.968" endtime="20240513 22:13:07.095"/>
</kw>
<kw name="Page Should Contain Element" library="SeleniumLibrary">
<arg>xpath=//div[@class='inventory_details_name large_size'][text()='Sauce Labs Backpack']</arg>
<doc>Verifies that element ``locator`` is found on the current page.</doc>
<msg timestamp="20240513 22:13:07.119" level="INFO">Current page contains element 'xpath=//div[@class='inventory_details_name large_size'][text()='Sauce Labs Backpack']'.</msg>
<status status="PASS" starttime="20240513 22:13:07.095" endtime="20240513 22:13:07.119"/>
</kw>
<kw name="Page Should Contain Element" library="SeleniumLibrary">
<arg>xpath=//div[@class='inventory_details_price'][text()='29.99']</arg>
<doc>Verifies that element ``locator`` is found on the current page.</doc>
<msg timestamp="20240513 22:13:07.142" level="INFO">Current page contains element 'xpath=//div[@class='inventory_details_price'][text()='29.99']'.</msg>
<status status="PASS" starttime="20240513 22:13:07.120" endtime="20240513 22:13:07.142"/>
</kw>
<kw name="Click Element" library="SeleniumLibrary">
<arg>xpath= //button[@id='add-to-cart']</arg>
<doc>Click the element identified by ``locator``.</doc>
<msg timestamp="20240513 22:13:07.143" level="INFO">Clicking element 'xpath= //button[@id='add-to-cart']'.</msg>
<status status="PASS" starttime="20240513 22:13:07.143" endtime="20240513 22:13:07.216"/>
</kw>
<kw name="Page Should Contain Element" library="SeleniumLibrary">
<arg>xpath=//button[@id='remove'][text()='Remove']</arg>
<doc>Verifies that element ``locator`` is found on the current page.</doc>
<msg timestamp="20240513 22:13:07.236" level="INFO">Current page contains element 'xpath=//button[@id='remove'][text()='Remove']'.</msg>
<status status="PASS" starttime="20240513 22:13:07.217" endtime="20240513 22:13:07.236"/>
</kw>
<status status="PASS" starttime="20240513 22:13:06.967" endtime="20240513 22:13:07.236"/>
</kw>
<kw name="Check out the product" library="import">
<kw name="Click Element" library="SeleniumLibrary">
<arg>id=shopping_cart_container</arg>
<doc>Click the element identified by ``locator``.</doc>
<msg timestamp="20240513 22:13:07.237" level="INFO">Clicking element 'id=shopping_cart_container'.</msg>
<status status="PASS" starttime="20240513 22:13:07.237" endtime="20240513 22:13:07.322"/>
</kw>
<kw name="Page Should Contain Element" library="SeleniumLibrary">
<arg>xpath=//span[@class='shopping_cart_badge'][text()='1']</arg>
<doc>Verifies that element ``locator`` is found on the current page.</doc>
<msg timestamp="20240513 22:13:07.339" level="INFO">Current page contains element 'xpath=//span[@class='shopping_cart_badge'][text()='1']'.</msg>
<status status="PASS" starttime="20240513 22:13:07.322" endtime="20240513 22:13:07.339"/>
</kw>
<kw name="Click Element" library="SeleniumLibrary">
<arg>id=checkout</arg>
<doc>Click the element identified by ``locator``.</doc>
<msg timestamp="20240513 22:13:07.344" level="INFO">Clicking element 'id=checkout'.</msg>
<status status="PASS" starttime="20240513 22:13:07.340" endtime="20240513 22:13:07.424"/>
</kw>
<status status="PASS" starttime="20240513 22:13:07.236" endtime="20240513 22:13:07.424"/>
</kw>
<kw name="Input information" library="import">
<kw name="Input Text" library="SeleniumLibrary">
<arg>id=first-name</arg>
<arg>hakuna</arg>
<doc>Types the given ``text`` into the text field identified by ``locator``.</doc>
<msg timestamp="20240513 22:13:07.426" level="INFO">Typing text 'hakuna' into text field 'id=first-name'.</msg>
<status status="PASS" starttime="20240513 22:13:07.426" endtime="20240513 22:13:07.633"/>
</kw>
<kw name="Input Text" library="SeleniumLibrary">
<arg>id=last-name</arg>
<arg>matata</arg>
<doc>Types the given ``text`` into the text field identified by ``locator``.</doc>
<msg timestamp="20240513 22:13:07.633" level="INFO">Typing text 'matata' into text field 'id=last-name'.</msg>
<status status="PASS" starttime="20240513 22:13:07.633" endtime="20240513 22:13:07.814"/>
</kw>
<kw name="Input Text" library="SeleniumLibrary">
<arg>id=postal-code</arg>
<arg>10230</arg>
<doc>Types the given ``text`` into the text field identified by ``locator``.</doc>
<msg timestamp="20240513 22:13:07.816" level="INFO">Typing text '10230' into text field 'id=postal-code'.</msg>
<status status="PASS" starttime="20240513 22:13:07.814" endtime="20240513 22:13:08.003"/>
</kw>
<kw name="Click Element" library="SeleniumLibrary">
<arg>id=continue</arg>
<doc>Click the element identified by ``locator``.</doc>
<msg timestamp="20240513 22:13:08.004" level="INFO">Clicking element 'id=continue'.</msg>
<status status="PASS" starttime="20240513 22:13:08.004" endtime="20240513 22:13:08.122"/>
</kw>
<status status="PASS" starttime="20240513 22:13:07.424" endtime="20240513 22:13:08.122"/>
</kw>
<kw name="Verify the product information" library="import">
<kw name="Page Should Contain Element" library="SeleniumLibrary">
<arg>xpath=//span[@class='title'][text()='Checkout: Overview']</arg>
<doc>Verifies that element ``locator`` is found on the current page.</doc>
<msg timestamp="20240513 22:13:08.156" level="INFO">Current page contains element 'xpath=//span[@class='title'][text()='Checkout: Overview']'.</msg>
<status status="PASS" starttime="20240513 22:13:08.124" endtime="20240513 22:13:08.157"/>
</kw>
<kw name="Page Should Contain Element" library="SeleniumLibrary">
<arg>xpath=//div[@class='inventory_item_name'][text()='Sauce Labs Backpack']</arg>
<doc>Verifies that element ``locator`` is found on the current page.</doc>
<msg timestamp="20240513 22:13:08.176" level="INFO">Current page contains element 'xpath=//div[@class='inventory_item_name'][text()='Sauce Labs Backpack']'.</msg>
<status status="PASS" starttime="20240513 22:13:08.158" endtime="20240513 22:13:08.176"/>
</kw>
<kw name="Get Text" library="SeleniumLibrary">
<var>${item_price}</var>
<arg>xpath=//div[@class='summary_subtotal_label']</arg>
<doc>Returns the text value of the element identified by ``locator``.</doc>
<msg timestamp="20240513 22:13:08.213" level="INFO">${item_price} = Item total: $29.99</msg>
<status status="PASS" starttime="20240513 22:13:08.176" endtime="20240513 22:13:08.213"/>
</kw>
<kw name="Remove String" library="String">
<var>${item_price}</var>
<arg>${item_price}</arg>
<arg>Item</arg>
<arg>total</arg>
<arg>:</arg>
<arg>$</arg>
<doc>Removes all ``removables`` from the given ``string``.</doc>
<msg timestamp="20240513 22:13:08.214" level="INFO">${item_price} =   29.99</msg>
<status status="PASS" starttime="20240513 22:13:08.214" endtime="20240513 22:13:08.214"/>
</kw>
<kw name="Convert To Number" library="BuiltIn">
<var>${item_price}</var>
<arg>${item_price}</arg>
<doc>Converts the given item to a floating point number.</doc>
<msg timestamp="20240513 22:13:08.215" level="INFO">${item_price} = 29.99</msg>
<status status="PASS" starttime="20240513 22:13:08.214" endtime="20240513 22:13:08.215"/>
</kw>
<kw name="Get Text" library="SeleniumLibrary">
<var>${saucelab_price}</var>
<arg>xpath=//div[@class='inventory_item_price']</arg>
<doc>Returns the text value of the element identified by ``locator``.</doc>
<msg timestamp="20240513 22:13:08.249" level="INFO">${saucelab_price} = $29.99</msg>
<status status="PASS" starttime="20240513 22:13:08.215" endtime="20240513 22:13:08.249"/>
</kw>
<kw name="Remove String" library="String">
<var>${saucelab_price}</var>
<arg>${saucelab_price}</arg>
<arg>$</arg>
<doc>Removes all ``removables`` from the given ``string``.</doc>
<msg timestamp="20240513 22:13:08.249" level="INFO">${saucelab_price} = 29.99</msg>
<status status="PASS" starttime="20240513 22:13:08.249" endtime="20240513 22:13:08.249"/>
</kw>
<kw name="Convert To Number" library="BuiltIn">
<var>${saucelab_price}</var>
<arg>${saucelab_price}</arg>
<doc>Converts the given item to a floating point number.</doc>
<msg timestamp="20240513 22:13:08.250" level="INFO">${saucelab_price} = 29.99</msg>
<status status="PASS" starttime="20240513 22:13:08.249" endtime="20240513 22:13:08.250"/>
</kw>
<kw name="Should Be True" library="BuiltIn">
<arg>${item_price} == ${saucelab_price}</arg>
<doc>Fails if the given condition is not true.</doc>
<status status="PASS" starttime="20240513 22:13:08.250" endtime="20240513 22:13:08.250"/>
</kw>
<kw name="Evaluate" library="BuiltIn">
<var>${Tax_cal}</var>
<arg>(${item_price} * 8)/100</arg>
<doc>Evaluates the given expression in Python and returns the result.</doc>
<msg timestamp="20240513 22:13:08.251" level="INFO">${Tax_cal} = 2.3992</msg>
<status status="PASS" starttime="20240513 22:13:08.250" endtime="20240513 22:13:08.251"/>
</kw>
<kw name="Convert To Number" library="BuiltIn">
<var>${Tax_cal}</var>
<arg>${Tax_cal}</arg>
<doc>Converts the given item to a floating point number.</doc>
<msg timestamp="20240513 22:13:08.251" level="INFO">${Tax_cal} = 2.3992</msg>
<status status="PASS" starttime="20240513 22:13:08.251" endtime="20240513 22:13:08.251"/>
</kw>
<kw name="Evaluate" library="BuiltIn">
<var>${Tax_cal}</var>
<arg>"%.2f" % ${Tax_cal}</arg>
<doc>Evaluates the given expression in Python and returns the result.</doc>
<msg timestamp="20240513 22:13:08.252" level="INFO">${Tax_cal} = 2.40</msg>
<status status="PASS" starttime="20240513 22:13:08.251" endtime="20240513 22:13:08.252"/>
</kw>
<kw name="Get Text" library="SeleniumLibrary">
<var>${TAX}</var>
<arg>xpath=//div[@class='summary_tax_label']</arg>
<doc>Returns the text value of the element identified by ``locator``.</doc>
<msg timestamp="20240513 22:13:08.298" level="INFO">${TAX} = Tax: $2.40</msg>
<status status="PASS" starttime="20240513 22:13:08.252" endtime="20240513 22:13:08.298"/>
</kw>
<kw name="Remove String" library="String">
<var>${TAX}</var>
<arg>${TAX}</arg>
<arg>Tax</arg>
<arg>:</arg>
<arg>$</arg>
<doc>Removes all ``removables`` from the given ``string``.</doc>
<msg timestamp="20240513 22:13:08.299" level="INFO">${TAX} =  2.40</msg>
<status status="PASS" starttime="20240513 22:13:08.298" endtime="20240513 22:13:08.300"/>
</kw>
<kw name="Convert To Number" library="BuiltIn">
<var>${TAX}</var>
<arg>${TAX}</arg>
<doc>Converts the given item to a floating point number.</doc>
<msg timestamp="20240513 22:13:08.301" level="INFO">${TAX} = 2.4</msg>
<status status="PASS" starttime="20240513 22:13:08.300" endtime="20240513 22:13:08.301"/>
</kw>
<kw name="Should Be True" library="BuiltIn">
<arg>${Tax_cal} == ${TAX}</arg>
<doc>Fails if the given condition is not true.</doc>
<status status="PASS" starttime="20240513 22:13:08.301" endtime="20240513 22:13:08.302"/>
</kw>
<kw name="Evaluate" library="BuiltIn">
<var>${Pricetotal}</var>
<arg>${Tax_cal} + ${item_price}</arg>
<doc>Evaluates the given expression in Python and returns the result.</doc>
<msg timestamp="20240513 22:13:08.302" level="INFO">${Pricetotal} = 32.39</msg>
<status status="PASS" starttime="20240513 22:13:08.302" endtime="20240513 22:13:08.302"/>
</kw>
<kw name="Convert To Number" library="BuiltIn">
<var>${Pricetotal}</var>
<arg>${Pricetotal}</arg>
<doc>Converts the given item to a floating point number.</doc>
<msg timestamp="20240513 22:13:08.303" level="INFO">${Pricetotal} = 32.39</msg>
<status status="PASS" starttime="20240513 22:13:08.302" endtime="20240513 22:13:08.303"/>
</kw>
<kw name="Evaluate" library="BuiltIn">
<var>${Pricetotal}</var>
<arg>"%.2f" % ${Pricetotal}</arg>
<doc>Evaluates the given expression in Python and returns the result.</doc>
<msg timestamp="20240513 22:13:08.304" level="INFO">${Pricetotal} = 32.39</msg>
<status status="PASS" starttime="20240513 22:13:08.303" endtime="20240513 22:13:08.304"/>
</kw>
<kw name="Get Text" library="SeleniumLibrary">
<var>${totalpriceincludetax}</var>
<arg>xpath=//div[@class='summary_total_label']</arg>
<doc>Returns the text value of the element identified by ``locator``.</doc>
<msg timestamp="20240513 22:13:08.348" level="INFO">${totalpriceincludetax} = Total: $32.39</msg>
<status status="PASS" starttime="20240513 22:13:08.304" endtime="20240513 22:13:08.348"/>
</kw>
<kw name="Remove String" library="String">
<var>${totalpriceincludetax}</var>
<arg>${totalpriceincludetax}</arg>
<arg>Total</arg>
<arg>:</arg>
<arg>$</arg>
<doc>Removes all ``removables`` from the given ``string``.</doc>
<msg timestamp="20240513 22:13:08.348" level="INFO">${totalpriceincludetax} =  32.39</msg>
<status status="PASS" starttime="20240513 22:13:08.348" endtime="20240513 22:13:08.348"/>
</kw>
<kw name="Convert To Number" library="BuiltIn">
<var>${totalpriceincludetax}</var>
<arg>${totalpriceincludetax}</arg>
<doc>Converts the given item to a floating point number.</doc>
<msg timestamp="20240513 22:13:08.349" level="INFO">${totalpriceincludetax} = 32.39</msg>
<status status="PASS" starttime="20240513 22:13:08.348" endtime="20240513 22:13:08.349"/>
</kw>
<kw name="Evaluate" library="BuiltIn">
<var>${totalpriceincludetax}</var>
<arg>"%.2f" % ${totalpriceincludetax}</arg>
<doc>Evaluates the given expression in Python and returns the result.</doc>
<msg timestamp="20240513 22:13:08.349" level="INFO">${totalpriceincludetax} = 32.39</msg>
<status status="PASS" starttime="20240513 22:13:08.349" endtime="20240513 22:13:08.349"/>
</kw>
<kw name="Should Be True" library="BuiltIn">
<arg>${totalpriceincludetax} == ${Pricetotal}</arg>
<doc>Fails if the given condition is not true.</doc>
<status status="PASS" starttime="20240513 22:13:08.349" endtime="20240513 22:13:08.350"/>
</kw>
<kw name="Click Element" library="SeleniumLibrary">
<arg>id=finish</arg>
<doc>Click the element identified by ``locator``.</doc>
<msg timestamp="20240513 22:13:08.351" level="INFO">Clicking element 'id=finish'.</msg>
<status status="PASS" starttime="20240513 22:13:08.350" endtime="20240513 22:13:08.480"/>
</kw>
<kw name="Page Should Contain Element" library="SeleniumLibrary">
<arg>xpath=//h2[@class='complete-header'][text()='Thank you for your order!']</arg>
<doc>Verifies that element ``locator`` is found on the current page.</doc>
<msg timestamp="20240513 22:13:08.495" level="INFO">Current page contains element 'xpath=//h2[@class='complete-header'][text()='Thank you for your order!']'.</msg>
<status status="PASS" starttime="20240513 22:13:08.480" endtime="20240513 22:13:08.495"/>
</kw>
<kw name="Page Should Contain Button" library="SeleniumLibrary">
<arg>id=back-to-products</arg>
<doc>Verifies button ``locator`` is found from current page.</doc>
<msg timestamp="20240513 22:13:08.539" level="INFO">Current page contains button 'id=back-to-products'.</msg>
<status status="PASS" starttime="20240513 22:13:08.495" endtime="20240513 22:13:08.539"/>
</kw>
<status status="PASS" starttime="20240513 22:13:08.123" endtime="20240513 22:13:08.539"/>
</kw>
<status status="PASS" starttime="20240513 22:13:03.279" endtime="20240513 22:13:08.540"/>
</test>
<status status="PASS" starttime="20240513 22:13:02.622" endtime="20240513 22:13:08.541"/>
</suite>
<statistics>
<total>
<stat pass="1" fail="0" skip="0">All Tests</stat>
</total>
<tag>
</tag>
<suite>
<stat pass="1" fail="0" skip="0" id="s1" name="Swaglab">Swaglab</stat>
</suite>
</statistics>
<errors>
</errors>
</robot>
